<?xml version="1.0" encoding="UTF-8"?>
<!-- Generated by org.testng.reporters.JUnitReportReporter -->
<testsuite name="test.Testupdata" tests="1" time="85.180" ignored="0" failures="0" timestamp="04 May 2020 10:26:43 GMT" skipped="0" hostname="PRO-5CG9503101" errors="0">
  <testcase name="setup" time="85.180" classname="test.Testupdata"/>
</testsuite> <!-- test.Testupdata -->
