<?xml version="1.0" encoding="UTF-8"?>
<!-- Generated by org.testng.reporters.JUnitReportReporter -->
<testsuite name="test.Testupdate" tests="1" time="200.370" ignored="0" failures="0" timestamp="08 May 2020 07:33:41 GMT" skipped="0" hostname="PRO-5CG9503101" errors="0">
  <testcase name="setup" time="200.370" classname="test.Testupdate"/>
</testsuite> <!-- test.Testupdate -->
