<?xml version="1.0" encoding="UTF-8"?>
<!-- Generated by org.testng.reporters.JUnitReportReporter -->
<testsuite name="com.prof.finz.teller.CashDeposit" tests="1" time="44.404" ignored="0" failures="0" timestamp="14 May 2020 08:46:10 GMT" skipped="0" hostname="PRO-5CG9503101" errors="0">
  <testcase name="UpdatingData" time="44.404" classname="com.prof.finz.teller.CashDeposit"/>
</testsuite> <!-- com.prof.finz.teller.CashDeposit -->
